{"C:\\Users\\plane\\OneDrive\\Documentos\\Repositorio\\Repositorio Universitario\\5° Semestre\\Vinicios_QualidadeSoftware\\utils-numbers.js": {"path":"C:\\Users\\plane\\OneDrive\\Documentos\\Repositorio\\Repositorio Universitario\\5° Semestre\\Vinicios_QualidadeSoftware\\utils-numbers.js","statementMap":{"0":{"start":{"line":1,"column":14},"end":{"line":3,"column":1}},"1":{"start":{"line":2,"column":4},"end":{"line":2,"column":23}},"2":{"start":{"line":5,"column":16},"end":{"line":7,"column":1}},"3":{"start":{"line":6,"column":4},"end":{"line":6,"column":23}},"4":{"start":{"line":9,"column":0},"end":{"line":14,"column":1}},"5":{"start":{"line":10,"column":4},"end":{"line":12,"column":5}},"6":{"start":{"line":11,"column":6},"end":{"line":11,"column":15}},"7":{"start":{"line":13,"column":4},"end":{"line":13,"column":39}},"8":{"start":{"line":16,"column":18},"end":{"line":21,"column":1}},"9":{"start":{"line":17,"column":4},"end":{"line":17,"column":27}},"10":{"start":{"line":17,"column":15},"end":{"line":17,"column":27}},"11":{"start":{"line":18,"column":4},"end":{"line":18,"column":26}},"12":{"start":{"line":18,"column":17},"end":{"line":18,"column":26}},"13":{"start":{"line":19,"column":4},"end":{"line":19,"column":26}},"14":{"start":{"line":19,"column":17},"end":{"line":19,"column":26}},"15":{"start":{"line":20,"column":4},"end":{"line":20,"column":47}},"16":{"start":{"line":23,"column":0},"end":{"line":27,"column":1}},"17":{"start":{"line":24,"column":22},"end":{"line":24,"column":88}},"18":{"start":{"line":24,"column":57},"end":{"line":24,"column":84}},"19":{"start":{"line":25,"column":22},"end":{"line":25,"column":64}},"20":{"start":{"line":25,"column":50},"end":{"line":25,"column":60}},"21":{"start":{"line":26,"column":4},"end":{"line":26,"column":33}},"22":{"start":{"line":29,"column":32},"end":{"line":33,"column":1}},"23":{"start":{"line":30,"column":4},"end":{"line":30,"column":42}},"24":{"start":{"line":30,"column":30},"end":{"line":30,"column":42}},"25":{"start":{"line":31,"column":17},"end":{"line":31,"column":59}},"26":{"start":{"line":31,"column":46},"end":{"line":31,"column":55}},"27":{"start":{"line":32,"column":4},"end":{"line":32,"column":33}},"28":{"start":{"line":35,"column":0},"end":{"line":37,"column":1}},"29":{"start":{"line":36,"column":4},"end":{"line":36,"column":39}},"30":{"start":{"line":36,"column":32},"end":{"line":36,"column":37}},"31":{"start":{"line":39,"column":0},"end":{"line":50,"column":1}},"32":{"start":{"line":40,"column":4},"end":{"line":49,"column":59}},"33":{"start":{"line":41,"column":8},"end":{"line":41,"column":17}},"34":{"start":{"line":43,"column":9},"end":{"line":49,"column":59}},"35":{"start":{"line":44,"column":21},"end":{"line":44,"column":57}},"36":{"start":{"line":45,"column":8},"end":{"line":45,"column":27}},"37":{"start":{"line":49,"column":8},"end":{"line":49,"column":59}},"38":{"start":{"line":52,"column":0},"end":{"line":61,"column":1}}},"fnMap":{"0":{"name":"(anonymous_0)","decl":{"start":{"line":1,"column":14},"end":{"line":1,"column":15}},"loc":{"start":{"line":1,"column":21},"end":{"line":3,"column":1}},"line":1},"1":{"name":"(anonymous_1)","decl":{"start":{"line":5,"column":16},"end":{"line":5,"column":17}},"loc":{"start":{"line":5,"column":23},"end":{"line":7,"column":1}},"line":5},"2":{"name":"(anonymous_2)","decl":{"start":{"line":9,"column":19},"end":{"line":9,"column":20}},"loc":{"start":{"line":9,"column":26},"end":{"line":14,"column":1}},"line":9},"3":{"name":"(anonymous_3)","decl":{"start":{"line":16,"column":18},"end":{"line":16,"column":19}},"loc":{"start":{"line":16,"column":25},"end":{"line":21,"column":1}},"line":16},"4":{"name":"(anonymous_4)","decl":{"start":{"line":23,"column":25},"end":{"line":23,"column":26}},"loc":{"start":{"line":23,"column":43},"end":{"line":27,"column":1}},"line":23},"5":{"name":"(anonymous_5)","decl":{"start":{"line":24,"column":35},"end":{"line":24,"column":36}},"loc":{"start":{"line":24,"column":57},"end":{"line":24,"column":84}},"line":24},"6":{"name":"(anonymous_6)","decl":{"start":{"line":25,"column":35},"end":{"line":25,"column":36}},"loc":{"start":{"line":25,"column":50},"end":{"line":25,"column":60}},"line":25},"7":{"name":"(anonymous_7)","decl":{"start":{"line":29,"column":32},"end":{"line":29,"column":33}},"loc":{"start":{"line":29,"column":45},"end":{"line":33,"column":1}},"line":29},"8":{"name":"(anonymous_8)","decl":{"start":{"line":31,"column":32},"end":{"line":31,"column":33}},"loc":{"start":{"line":31,"column":46},"end":{"line":31,"column":55}},"line":31},"9":{"name":"(anonymous_9)","decl":{"start":{"line":35,"column":17},"end":{"line":35,"column":18}},"loc":{"start":{"line":35,"column":28},"end":{"line":37,"column":1}},"line":35},"10":{"name":"(anonymous_10)","decl":{"start":{"line":36,"column":22},"end":{"line":36,"column":23}},"loc":{"start":{"line":36,"column":32},"end":{"line":36,"column":37}},"line":36},"11":{"name":"(anonymous_11)","decl":{"start":{"line":39,"column":19},"end":{"line":39,"column":20}},"loc":{"start":{"line":39,"column":39},"end":{"line":50,"column":1}},"line":39}},"branchMap":{"0":{"loc":{"start":{"line":10,"column":4},"end":{"line":12,"column":5}},"type":"if","locations":[{"start":{"line":10,"column":4},"end":{"line":12,"column":5}},{"start":{},"end":{}}],"line":10},"1":{"loc":{"start":{"line":10,"column":8},"end":{"line":10,"column":26}},"type":"binary-expr","locations":[{"start":{"line":10,"column":8},"end":{"line":10,"column":15}},{"start":{"line":10,"column":19},"end":{"line":10,"column":26}}],"line":10},"2":{"loc":{"start":{"line":17,"column":4},"end":{"line":17,"column":27}},"type":"if","locations":[{"start":{"line":17,"column":4},"end":{"line":17,"column":27}},{"start":{},"end":{}}],"line":17},"3":{"loc":{"start":{"line":18,"column":4},"end":{"line":18,"column":26}},"type":"if","locations":[{"start":{"line":18,"column":4},"end":{"line":18,"column":26}},{"start":{},"end":{}}],"line":18},"4":{"loc":{"start":{"line":19,"column":4},"end":{"line":19,"column":26}},"type":"if","locations":[{"start":{"line":19,"column":4},"end":{"line":19,"column":26}},{"start":{},"end":{}}],"line":19},"5":{"loc":{"start":{"line":30,"column":4},"end":{"line":30,"column":42}},"type":"if","locations":[{"start":{"line":30,"column":4},"end":{"line":30,"column":42}},{"start":{},"end":{}}],"line":30},"6":{"loc":{"start":{"line":40,"column":4},"end":{"line":49,"column":59}},"type":"if","locations":[{"start":{"line":40,"column":4},"end":{"line":49,"column":59}},{"start":{"line":43,"column":9},"end":{"line":49,"column":59}}],"line":40},"7":{"loc":{"start":{"line":43,"column":9},"end":{"line":49,"column":59}},"type":"if","locations":[{"start":{"line":43,"column":9},"end":{"line":49,"column":59}},{"start":{"line":49,"column":8},"end":{"line":49,"column":59}}],"line":43}},"s":{"0":1,"1":2,"2":1,"3":2,"4":1,"5":6,"6":2,"7":4,"8":1,"9":28,"10":1,"11":27,"12":6,"13":21,"14":9,"15":12,"16":1,"17":1,"18":3,"19":1,"20":3,"21":1,"22":1,"23":2,"24":1,"25":1,"26":3,"27":1,"28":1,"29":1,"30":5,"31":1,"32":9,"33":3,"34":6,"35":3,"36":3,"37":3,"38":1},"f":{"0":2,"1":2,"2":6,"3":28,"4":1,"5":3,"6":3,"7":2,"8":3,"9":1,"10":5,"11":9},"b":{"0":[2,4],"1":[6,5],"2":[1,27],"3":[6,21],"4":[9,12],"5":[1,1],"6":[3,6],"7":[3,3]},"_coverageSchema":"1a1c01bbd47fc00a2c39e90264f33305004495a9","hash":"a92c4f14e4e3e045fc086bcff400aeaa976c8570"}
,"C:\\Users\\plane\\OneDrive\\Documentos\\Repositorio\\Repositorio Universitario\\5° Semestre\\Vinicios_QualidadeSoftware\\utils-strings.js": {"path":"C:\\Users\\plane\\OneDrive\\Documentos\\Repositorio\\Repositorio Universitario\\5° Semestre\\Vinicios_QualidadeSoftware\\utils-strings.js","statementMap":{"0":{"start":{"line":1,"column":0},"end":{"line":4,"column":1}},"1":{"start":{"line":2,"column":18},"end":{"line":2,"column":46}},"2":{"start":{"line":3,"column":4},"end":{"line":3,"column":29}},"3":{"start":{"line":6,"column":0},"end":{"line":8,"column":1}},"4":{"start":{"line":7,"column":4},"end":{"line":7,"column":22}},"5":{"start":{"line":10,"column":0},"end":{"line":12,"column":1}},"6":{"start":{"line":11,"column":4},"end":{"line":11,"column":45}},"7":{"start":{"line":14,"column":0},"end":{"line":16,"column":1}},"8":{"start":{"line":15,"column":4},"end":{"line":15,"column":29}},"9":{"start":{"line":18,"column":21},"end":{"line":21,"column":1}},"10":{"start":{"line":19,"column":24},"end":{"line":19,"column":67}},"11":{"start":{"line":20,"column":4},"end":{"line":20,"column":68}},"12":{"start":{"line":23,"column":35},"end":{"line":25,"column":1}},"13":{"start":{"line":24,"column":4},"end":{"line":24,"column":39}},"14":{"start":{"line":27,"column":29},"end":{"line":29,"column":1}},"15":{"start":{"line":28,"column":4},"end":{"line":28,"column":43}},"16":{"start":{"line":31,"column":19},"end":{"line":33,"column":1}},"17":{"start":{"line":32,"column":4},"end":{"line":32,"column":32}},"18":{"start":{"line":35,"column":0},"end":{"line":44,"column":2}}},"fnMap":{"0":{"name":"(anonymous_0)","decl":{"start":{"line":1,"column":15},"end":{"line":1,"column":16}},"loc":{"start":{"line":1,"column":26},"end":{"line":4,"column":1}},"line":1},"1":{"name":"(anonymous_1)","decl":{"start":{"line":6,"column":19},"end":{"line":6,"column":20}},"loc":{"start":{"line":6,"column":28},"end":{"line":8,"column":1}},"line":6},"2":{"name":"(anonymous_2)","decl":{"start":{"line":10,"column":17},"end":{"line":10,"column":18}},"loc":{"start":{"line":10,"column":26},"end":{"line":12,"column":1}},"line":10},"3":{"name":"(anonymous_3)","decl":{"start":{"line":14,"column":26},"end":{"line":14,"column":27}},"loc":{"start":{"line":14,"column":35},"end":{"line":16,"column":1}},"line":14},"4":{"name":"(anonymous_4)","decl":{"start":{"line":18,"column":21},"end":{"line":18,"column":22}},"loc":{"start":{"line":18,"column":30},"end":{"line":21,"column":1}},"line":18},"5":{"name":"(anonymous_5)","decl":{"start":{"line":23,"column":35},"end":{"line":23,"column":36}},"loc":{"start":{"line":23,"column":51},"end":{"line":25,"column":1}},"line":23},"6":{"name":"(anonymous_6)","decl":{"start":{"line":27,"column":29},"end":{"line":27,"column":30}},"loc":{"start":{"line":27,"column":38},"end":{"line":29,"column":1}},"line":27},"7":{"name":"(anonymous_7)","decl":{"start":{"line":31,"column":19},"end":{"line":31,"column":20}},"loc":{"start":{"line":31,"column":36},"end":{"line":33,"column":1}},"line":31}},"branchMap":{},"s":{"0":1,"1":2,"2":2,"3":1,"4":2,"5":1,"6":1,"7":1,"8":1,"9":1,"10":3,"11":3,"12":1,"13":2,"14":1,"15":1,"16":1,"17":2,"18":1},"f":{"0":2,"1":2,"2":1,"3":1,"4":3,"5":2,"6":1,"7":2},"b":{},"_coverageSchema":"1a1c01bbd47fc00a2c39e90264f33305004495a9","hash":"01dfd210f00c0b573227c52aa962f564206c0699"}
,"C:\\Users\\plane\\OneDrive\\Documentos\\Repositorio\\Repositorio Universitario\\5° Semestre\\Vinicios_QualidadeSoftware\\utils-struct.js": {"path":"C:\\Users\\plane\\OneDrive\\Documentos\\Repositorio\\Repositorio Universitario\\5° Semestre\\Vinicios_QualidadeSoftware\\utils-struct.js","statementMap":{"0":{"start":{"line":1,"column":0},"end":{"line":4,"column":1}},"1":{"start":{"line":2,"column":4},"end":{"line":2,"column":20}},"2":{"start":{"line":3,"column":4},"end":{"line":3,"column":16}},"3":{"start":{"line":6,"column":0},"end":{"line":8,"column":1}},"4":{"start":{"line":7,"column":4},"end":{"line":7,"column":38}},"5":{"start":{"line":10,"column":20},"end":{"line":12,"column":1}},"6":{"start":{"line":11,"column":4},"end":{"line":11,"column":37}},"7":{"start":{"line":14,"column":26},"end":{"line":16,"column":1}},"8":{"start":{"line":15,"column":4},"end":{"line":15,"column":50}},"9":{"start":{"line":15,"column":27},"end":{"line":15,"column":41}},"10":{"start":{"line":18,"column":23},"end":{"line":24,"column":1}},"11":{"start":{"line":19,"column":22},"end":{"line":19,"column":24}},"12":{"start":{"line":20,"column":4},"end":{"line":22,"column":5}},"13":{"start":{"line":21,"column":8},"end":{"line":21,"column":38}},"14":{"start":{"line":23,"column":4},"end":{"line":23,"column":21}},"15":{"start":{"line":26,"column":0},"end":{"line":32,"column":2}}},"fnMap":{"0":{"name":"(anonymous_0)","decl":{"start":{"line":1,"column":19},"end":{"line":1,"column":20}},"loc":{"start":{"line":1,"column":35},"end":{"line":4,"column":1}},"line":1},"1":{"name":"(anonymous_1)","decl":{"start":{"line":6,"column":17},"end":{"line":6,"column":18}},"loc":{"start":{"line":6,"column":39},"end":{"line":8,"column":1}},"line":6},"2":{"name":"(anonymous_2)","decl":{"start":{"line":10,"column":20},"end":{"line":10,"column":21}},"loc":{"start":{"line":10,"column":36},"end":{"line":12,"column":1}},"line":10},"3":{"name":"(anonymous_3)","decl":{"start":{"line":14,"column":26},"end":{"line":14,"column":27}},"loc":{"start":{"line":14,"column":45},"end":{"line":16,"column":1}},"line":14},"4":{"name":"(anonymous_4)","decl":{"start":{"line":15,"column":22},"end":{"line":15,"column":23}},"loc":{"start":{"line":15,"column":27},"end":{"line":15,"column":41}},"line":15},"5":{"name":"(anonymous_5)","decl":{"start":{"line":18,"column":23},"end":{"line":18,"column":24}},"loc":{"start":{"line":18,"column":32},"end":{"line":24,"column":1}},"line":18}},"branchMap":{},"s":{"0":1,"1":1,"2":1,"3":1,"4":2,"5":1,"6":2,"7":1,"8":2,"9":8,"10":1,"11":1,"12":1,"13":2,"14":1,"15":1},"f":{"0":1,"1":2,"2":2,"3":2,"4":8,"5":1},"b":{},"_coverageSchema":"1a1c01bbd47fc00a2c39e90264f33305004495a9","hash":"354eacde01b16cae061f458e19216bee5aafb99c"}
}
