TN:
SF:utils-numbers.js
FN:1,(anonymous_0)
FN:5,(anonymous_1)
FN:9,(anonymous_2)
FN:16,(anonymous_3)
FN:23,(anonymous_4)
FN:24,(anonymous_5)
FN:25,(anonymous_6)
FN:29,(anonymous_7)
FN:31,(anonymous_8)
FN:35,(anonymous_9)
FN:36,(anonymous_10)
FN:39,(anonymous_11)
FNF:12
FNH:12
FNDA:2,(anonymous_0)
FNDA:2,(anonymous_1)
FNDA:6,(anonymous_2)
FNDA:28,(anonymous_3)
FNDA:1,(anonymous_4)
FNDA:3,(anonymous_5)
FNDA:3,(anonymous_6)
FNDA:2,(anonymous_7)
FNDA:3,(anonymous_8)
FNDA:1,(anonymous_9)
FNDA:5,(anonymous_10)
FNDA:9,(anonymous_11)
DA:1,1
DA:2,2
DA:5,1
DA:6,2
DA:9,1
DA:10,6
DA:11,2
DA:13,4
DA:16,1
DA:17,28
DA:18,27
DA:19,21
DA:20,12
DA:23,1
DA:24,3
DA:25,3
DA:26,1
DA:29,1
DA:30,2
DA:31,3
DA:32,1
DA:35,1
DA:36,5
DA:39,1
DA:40,9
DA:41,3
DA:43,6
DA:44,3
DA:45,3
DA:49,3
DA:52,1
LF:31
LH:31
BRDA:10,0,0,2
BRDA:10,0,1,4
BRDA:10,1,0,6
BRDA:10,1,1,5
BRDA:17,2,0,1
BRDA:17,2,1,27
BRDA:18,3,0,6
BRDA:18,3,1,21
BRDA:19,4,0,9
BRDA:19,4,1,12
BRDA:30,5,0,1
BRDA:30,5,1,1
BRDA:40,6,0,3
BRDA:40,6,1,6
BRDA:43,7,0,3
BRDA:43,7,1,3
BRF:16
BRH:16
end_of_record
TN:
SF:utils-strings.js
FN:1,(anonymous_0)
FN:6,(anonymous_1)
FN:10,(anonymous_2)
FN:14,(anonymous_3)
FN:18,(anonymous_4)
FN:23,(anonymous_5)
FN:27,(anonymous_6)
FN:31,(anonymous_7)
FNF:8
FNH:8
FNDA:2,(anonymous_0)
FNDA:2,(anonymous_1)
FNDA:1,(anonymous_2)
FNDA:1,(anonymous_3)
FNDA:3,(anonymous_4)
FNDA:2,(anonymous_5)
FNDA:1,(anonymous_6)
FNDA:2,(anonymous_7)
DA:1,1
DA:2,2
DA:3,2
DA:6,1
DA:7,2
DA:10,1
DA:11,1
DA:14,1
DA:15,1
DA:18,1
DA:19,3
DA:20,3
DA:23,1
DA:24,2
DA:27,1
DA:28,1
DA:31,1
DA:32,2
DA:35,1
LF:19
LH:19
BRF:0
BRH:0
end_of_record
TN:
SF:utils-struct.js
FN:1,(anonymous_0)
FN:6,(anonymous_1)
FN:10,(anonymous_2)
FN:14,(anonymous_3)
FN:15,(anonymous_4)
FN:18,(anonymous_5)
FNF:6
FNH:6
FNDA:1,(anonymous_0)
FNDA:2,(anonymous_1)
FNDA:2,(anonymous_2)
FNDA:2,(anonymous_3)
FNDA:8,(anonymous_4)
FNDA:1,(anonymous_5)
DA:1,1
DA:2,1
DA:3,1
DA:6,1
DA:7,2
DA:10,1
DA:11,2
DA:14,1
DA:15,8
DA:18,1
DA:19,1
DA:20,1
DA:21,2
DA:23,1
DA:26,1
LF:15
LH:15
BRF:0
BRH:0
end_of_record
